{"contracts/CURToken.sol":{"l":{"33":1,"34":1,"35":1,"36":1,"37":1,"38":1,"39":1,"40":1,"44":0,"45":0,"49":0,"50":0,"51":0,"52":0,"53":0,"57":0,"61":0,"65":0,"66":0,"67":0,"68":0,"72":0,"73":0,"74":0,"78":0,"79":0,"80":0,"81":0,"82":0,"86":0,"90":0,"91":0,"92":0},"path":"/Users/production/kurec/contracts/CURToken.sol","s":{"1":1,"2":1,"3":1,"4":1,"5":1,"6":1,"7":1,"8":1,"9":0,"10":0,"11":0,"12":0,"13":0,"14":0,"15":0,"16":0,"17":0,"18":0,"19":0,"20":0,"21":0,"22":0,"23":0,"24":0,"25":0,"26":0,"27":0,"28":0,"29":0,"30":0,"31":0},"b":{"1":[0,0]},"f":{"1":1,"2":0,"3":0,"4":0,"5":0,"6":0,"7":0,"8":0,"9":0,"10":0},"fnMap":{"1":{"name":null,"line":32,"loc":{"start":{"line":32,"column":4},"end":{"line":32,"column":22}}},"2":{"name":"isOwner","line":43,"loc":{"start":{"line":43,"column":4},"end":{"line":43,"column":18}}},"3":{"name":null,"line":48,"loc":{"start":{"line":48,"column":4},"end":{"line":48,"column":28}}},"4":{"name":"totalSupply","line":56,"loc":{"start":{"line":56,"column":4},"end":{"line":56,"column":51}}},"5":{"name":"balanceOf","line":60,"loc":{"start":{"line":60,"column":4},"end":{"line":60,"column":75}}},"6":{"name":"transfer","line":64,"loc":{"start":{"line":64,"column":4},"end":{"line":64,"column":74}}},"7":{"name":"approve","line":71,"loc":{"start":{"line":71,"column":4},"end":{"line":71,"column":78}}},"8":{"name":"transferFrom","line":77,"loc":{"start":{"line":77,"column":4},"end":{"line":77,"column":92}}},"9":{"name":"allowance","line":85,"loc":{"start":{"line":85,"column":4},"end":{"line":85,"column":94}}},"10":{"name":"approveAndCall","line":89,"loc":{"start":{"line":89,"column":4},"end":{"line":89,"column":85}}}},"statementMap":{"1":{"start":{"line":33,"column":8},"end":{"line":33,"column":25}},"2":{"start":{"line":34,"column":8},"end":{"line":34,"column":21}},"3":{"start":{"line":35,"column":8},"end":{"line":35,"column":39}},"4":{"start":{"line":36,"column":8},"end":{"line":36,"column":19}},"5":{"start":{"line":37,"column":8},"end":{"line":37,"column":40}},"6":{"start":{"line":38,"column":8},"end":{"line":38,"column":37}},"7":{"start":{"line":39,"column":8},"end":{"line":39,"column":25}},"8":{"start":{"line":40,"column":8},"end":{"line":40,"column":54}},"9":{"start":{"line":44,"column":8},"end":{"line":44,"column":35}},"10":{"start":{"line":49,"column":8},"end":{"line":49,"column":45}},"11":{"start":{"line":50,"column":8},"end":{"line":50,"column":52}},"12":{"start":{"line":51,"column":8},"end":{"line":51,"column":62}},"13":{"start":{"line":52,"column":8},"end":{"line":52,"column":48}},"14":{"start":{"line":57,"column":8},"end":{"line":57,"column":53}},"15":{"start":{"line":61,"column":8},"end":{"line":61,"column":35}},"16":{"start":{"line":65,"column":8},"end":{"line":65,"column":62}},"17":{"start":{"line":66,"column":8},"end":{"line":66,"column":46}},"18":{"start":{"line":67,"column":8},"end":{"line":67,"column":45}},"19":{"start":{"line":68,"column":8},"end":{"line":68,"column":19}},"20":{"start":{"line":72,"column":8},"end":{"line":72,"column":44}},"21":{"start":{"line":73,"column":8},"end":{"line":73,"column":50}},"22":{"start":{"line":74,"column":8},"end":{"line":74,"column":19}},"23":{"start":{"line":78,"column":8},"end":{"line":78,"column":50}},"24":{"start":{"line":79,"column":8},"end":{"line":79,"column":72}},"25":{"start":{"line":80,"column":8},"end":{"line":80,"column":46}},"26":{"start":{"line":81,"column":8},"end":{"line":81,"column":39}},"27":{"start":{"line":82,"column":8},"end":{"line":82,"column":19}},"28":{"start":{"line":86,"column":8},"end":{"line":86,"column":43}},"29":{"start":{"line":90,"column":8},"end":{"line":90,"column":44}},"30":{"start":{"line":91,"column":8},"end":{"line":91,"column":50}},"31":{"start":{"line":92,"column":8},"end":{"line":92,"column":19}}},"branchMap":{"1":{"line":44,"type":"if","locations":[{"start":{"line":44,"column":8},"end":{"line":44,"column":8}},{"start":{"line":44,"column":8},"end":{"line":44,"column":8}}]}}},"contracts/kur.sol":{"l":{"33":1,"44":2,"45":1,"49":2,"50":2,"54":2,"55":1,"59":1,"60":1,"64":1,"65":1,"69":1,"70":1,"74":1,"75":1,"79":1,"80":1,"81":1,"85":1,"86":1,"87":1},"path":"/Users/production/kurec/contracts/kur.sol","s":{"1":1,"2":2,"3":2,"4":2,"5":1,"6":1,"7":1,"8":1,"9":1,"10":1,"11":1,"12":1,"13":1,"14":1,"15":1,"16":1,"17":1,"18":1},"b":{"1":[1,1],"2":[2,0],"3":[1,1]},"f":{"1":1,"2":2,"3":2,"4":2,"5":1,"6":1,"7":1,"8":1,"9":1,"10":1},"fnMap":{"1":{"name":null,"line":32,"loc":{"start":{"line":32,"column":4},"end":{"line":32,"column":22}}},"2":{"name":"isOwner","line":43,"loc":{"start":{"line":43,"column":4},"end":{"line":43,"column":20}}},"3":{"name":"isManufacturer","line":48,"loc":{"start":{"line":48,"column":4},"end":{"line":48,"column":27}}},"4":{"name":"isService","line":53,"loc":{"start":{"line":53,"column":4},"end":{"line":53,"column":22}}},"5":{"name":"createManufacturer","line":58,"loc":{"start":{"line":58,"column":4},"end":{"line":58,"column":76}}},"6":{"name":"newCar","line":63,"loc":{"start":{"line":63,"column":4},"end":{"line":63,"column":67}}},"7":{"name":"newService","line":68,"loc":{"start":{"line":68,"column":4},"end":{"line":68,"column":42}}},"8":{"name":"verifyService","line":73,"loc":{"start":{"line":73,"column":4},"end":{"line":73,"column":71}}},"9":{"name":"sellCar","line":78,"loc":{"start":{"line":78,"column":4},"end":{"line":78,"column":63}}},"10":{"name":"repairCar","line":84,"loc":{"start":{"line":84,"column":4},"end":{"line":84,"column":78}}}},"statementMap":{"1":{"start":{"line":33,"column":8},"end":{"line":33,"column":25}},"2":{"start":{"line":44,"column":8},"end":{"line":44,"column":35}},"3":{"start":{"line":49,"column":8},"end":{"line":49,"column":48}},"4":{"start":{"line":54,"column":8},"end":{"line":54,"column":43}},"5":{"start":{"line":59,"column":8},"end":{"line":59,"column":74}},"6":{"start":{"line":60,"column":8},"end":{"line":60,"column":39}},"7":{"start":{"line":64,"column":8},"end":{"line":64,"column":84}},"8":{"start":{"line":65,"column":8},"end":{"line":65,"column":49}},"9":{"start":{"line":69,"column":8},"end":{"line":69,"column":66}},"10":{"start":{"line":70,"column":8},"end":{"line":70,"column":34}},"11":{"start":{"line":74,"column":8},"end":{"line":74,"column":74}},"12":{"start":{"line":75,"column":8},"end":{"line":75,"column":59}},"13":{"start":{"line":79,"column":8},"end":{"line":79,"column":62}},"14":{"start":{"line":80,"column":8},"end":{"line":80,"column":66}},"15":{"start":{"line":81,"column":8},"end":{"line":81,"column":44}},"16":{"start":{"line":85,"column":8},"end":{"line":85,"column":65}},"17":{"start":{"line":86,"column":8},"end":{"line":86,"column":93}},"18":{"start":{"line":87,"column":8},"end":{"line":87,"column":71}}},"branchMap":{"1":{"line":44,"type":"if","locations":[{"start":{"line":44,"column":8},"end":{"line":44,"column":8}},{"start":{"line":44,"column":8},"end":{"line":44,"column":8}}]},"2":{"line":49,"type":"if","locations":[{"start":{"line":49,"column":8},"end":{"line":49,"column":8}},{"start":{"line":49,"column":8},"end":{"line":49,"column":8}}]},"3":{"line":54,"type":"if","locations":[{"start":{"line":54,"column":8},"end":{"line":54,"column":8}},{"start":{"line":54,"column":8},"end":{"line":54,"column":8}}]}}},"contracts/SafeMath.sol":{"l":{"7":0,"8":0,"11":0,"12":0,"13":0,"17":0,"21":0,"22":0,"26":0,"27":0,"28":0},"path":"/Users/production/kurec/contracts/SafeMath.sol","s":{"1":0,"2":0,"3":0,"4":0,"5":0,"6":0,"7":0,"8":0,"9":0,"10":0,"11":0},"b":{"1":[0,0],"2":[0,0],"3":[0,0],"4":[0,0]},"f":{"1":0,"2":0,"3":0,"4":0},"fnMap":{"1":{"name":"mul","line":6,"loc":{"start":{"line":6,"column":4},"end":{"line":6,"column":70}}},"2":{"name":"div","line":16,"loc":{"start":{"line":16,"column":4},"end":{"line":16,"column":68}}},"3":{"name":"sub","line":20,"loc":{"start":{"line":20,"column":4},"end":{"line":20,"column":68}}},"4":{"name":"add","line":25,"loc":{"start":{"line":25,"column":4},"end":{"line":25,"column":70}}}},"statementMap":{"1":{"start":{"line":7,"column":8},"end":{"line":7,"column":139}},"2":{"start":{"line":8,"column":12},"end":{"line":8,"column":20}},"3":{"start":{"line":11,"column":8},"end":{"line":11,"column":16}},"4":{"start":{"line":12,"column":8},"end":{"line":12,"column":25}},"5":{"start":{"line":13,"column":8},"end":{"line":13,"column":16}},"6":{"start":{"line":17,"column":8},"end":{"line":17,"column":20}},"7":{"start":{"line":21,"column":8},"end":{"line":21,"column":21}},"8":{"start":{"line":22,"column":8},"end":{"line":22,"column":20}},"9":{"start":{"line":26,"column":8},"end":{"line":26,"column":16}},"10":{"start":{"line":27,"column":8},"end":{"line":27,"column":21}},"11":{"start":{"line":28,"column":8},"end":{"line":28,"column":16}}},"branchMap":{"1":{"line":7,"type":"if","locations":[{"start":{"line":7,"column":8},"end":{"line":7,"column":8}},{"start":{"line":7,"column":8},"end":{"line":7,"column":8}}]},"2":{"line":12,"type":"if","locations":[{"start":{"line":12,"column":8},"end":{"line":12,"column":8}},{"start":{"line":12,"column":8},"end":{"line":12,"column":8}}]},"3":{"line":21,"type":"if","locations":[{"start":{"line":21,"column":8},"end":{"line":21,"column":8}},{"start":{"line":21,"column":8},"end":{"line":21,"column":8}}]},"4":{"line":27,"type":"if","locations":[{"start":{"line":27,"column":8},"end":{"line":27,"column":8}},{"start":{"line":27,"column":8},"end":{"line":27,"column":8}}]}}}}